<?xml version="1.0" encoding="UTF-8"?>
<!-- Generated by org.testng.reporters.JUnitReportReporter -->
<testsuite hostname="DESKTOP-H0PI4DT" failures="0" tests="1" name="javascriptExample.ModelExampleTest" time="10.219" errors="0" timestamp="2022-12-02T12:58:00 IST" skipped="0">
  <testcase classname="javascriptExample.ModelExampleTest" name="verifyDragDropTest" time="10.219"/>
  <system-out/>
</testsuite> <!-- javascriptExample.ModelExampleTest -->
