<?xml version="1.0" encoding="UTF-8"?>
<!-- Generated by org.testng.reporters.JUnitReportReporter -->
<testsuite hostname="DESKTOP-H0PI4DT" failures="0" tests="1" name="takescreenShotExample.AmazonTest" time="8.104" errors="0" timestamp="2022-12-05T11:18:08 IST" skipped="0">
  <testcase classname="takescreenShotExample.AmazonTest" name="verifyWishList" time="8.104"/>
  <system-out/>
</testsuite> <!-- takescreenShotExample.AmazonTest -->
