<?xml version="1.0" encoding="UTF-8"?>
<!-- Generated by org.testng.reporters.JUnitReportReporter -->
<testsuite hostname="DESKTOP-H0PI4DT" failures="0" tests="1" name="frameExample.PayTM_IFrame" time="40.569" errors="0" timestamp="2022-12-01T13:12:54 IST" skipped="0">
  <testcase classname="frameExample.PayTM_IFrame" name="verifyPayTMWebAccount" time="40.569"/>
  <system-out/>
</testsuite> <!-- frameExample.PayTM_IFrame -->
