<?xml version="1.0" encoding="UTF-8"?>
<!-- Generated by org.testng.reporters.JUnitReportReporter -->
<testsuite hostname="DESKTOP-H0PI4DT" failures="0" tests="1" name="actionExample.DragDropTest" time="6.704" errors="0" timestamp="2022-12-02T12:31:47 IST" skipped="0">
  <testcase classname="actionExample.DragDropTest" name="verifyRightClickTest" time="6.704"/>
  <system-out/>
</testsuite> <!-- actionExample.DragDropTest -->
