<?xml version="1.0" encoding="UTF-8"?>
<!-- Generated by org.testng.reporters.JUnitReportReporter -->
<testsuite hostname="DESKTOP-H0PI4DT" failures="0" tests="2" name="testNGExample.AddItemsTest" time="0.016" errors="0" timestamp="2022-12-01T11:25:00 IST" skipped="0">
  <testcase classname="testNGExample.AddItemsTest" name="verifyPayment" time="0.005"/>
  <system-out/>
  <testcase classname="testNGExample.AddItemsTest" name="verifyAddItem" time="0.011"/>
  <system-out/>
</testsuite> <!-- testNGExample.AddItemsTest -->
