<?xml version="1.0" encoding="UTF-8"?>
<!-- Generated by org.testng.reporters.JUnitReportReporter -->
<testsuite hostname="DESKTOP-H0PI4DT" failures="0" tests="1" name="handleWindowExampe.IRCTCApp" time="19.861" errors="0" timestamp="2022-12-02T13:32:40 IST" skipped="0">
  <testcase classname="handleWindowExampe.IRCTCApp" name="verifyPayTMWebAccount" time="19.861"/>
  <system-out/>
</testsuite> <!-- handleWindowExampe.IRCTCApp -->
