<?xml version="1.0" encoding="UTF-8"?>
<!-- Generated by org.testng.reporters.JUnitReportReporter -->
<testsuite hostname="DESKTOP-H0PI4DT" failures="0" tests="2" name="extentReportExample.GoogleTest" time="0.025" errors="0" timestamp="2022-12-06T11:56:03 IST" skipped="0">
  <testcase classname="extentReportExample.GoogleTest" name="verifyApplicationLogo" time="0.019"/>
  <system-out/>
  <testcase classname="extentReportExample.GoogleTest" name="verifyApplicationTitle" time="0.006"/>
  <system-out/>
</testsuite> <!-- extentReportExample.GoogleTest -->
