<?xml version="1.0" encoding="UTF-8"?>
<!-- Generated by org.testng.reporters.JUnitReportReporter -->
<testsuite hostname="DESKTOP-H0PI4DT" failures="0" tests="1" name="actionExample.RightClickDoubleClickTest" time="1.061" errors="0" timestamp="2022-12-02T11:49:24 IST" skipped="0">
  <testcase classname="actionExample.RightClickDoubleClickTest" name="verifyRightClickTest" time="1.061"/>
  <system-out/>
</testsuite> <!-- actionExample.RightClickDoubleClickTest -->
