<?xml version="1.0" encoding="UTF-8"?>
<!-- Generated by org.testng.reporters.JUnitReportReporter -->
<testsuite hostname="DESKTOP-H0PI4DT" failures="0" tests="1" name="javascriptExample.MyntraApp" time="5.111" errors="0" timestamp="2022-12-02T13:04:03 IST" skipped="0">
  <testcase classname="javascriptExample.MyntraApp" name="verifyModelTest" time="5.111"/>
  <system-out/>
</testsuite> <!-- javascriptExample.MyntraApp -->
