<?xml version="1.0" encoding="UTF-8"?>
<!-- Generated by org.testng.reporters.JUnitReportReporter -->
<testsuite hostname="DESKTOP-H0PI4DT" failures="0" tests="4" name="testNGExample.AmazonTest" time="0.024" errors="0" timestamp="2022-11-30T14:12:20 IST" skipped="0">
  <testcase classname="testNGExample.AmazonTest" name="payment" time="0.004"/>
  <system-out/>
  <testcase classname="testNGExample.AmazonTest" name="logout" time="0.005"/>
  <system-out/>
  <testcase classname="testNGExample.AmazonTest" name="login" time="0.002"/>
  <system-out/>
  <testcase classname="testNGExample.AmazonTest" name="addItems" time="0.013"/>
  <system-out/>
</testsuite> <!-- testNGExample.AmazonTest -->
