<?xml version="1.0" encoding="UTF-8"?>
<!-- Generated by org.testng.reporters.JUnitReportReporter -->
<testsuite skipped="0" hostname="IN002DCE" name="controlExample.HandleDropdown" tests="2" failures="0" timestamp="2022-12-12T18:40:46 IST" time="11.986" errors="0">
  <testcase name="verifyList" time="8.220" classname="controlExample.HandleDropdown"/>
  <system-out/>
  <testcase name="verifyList2" time="3.766" classname="controlExample.HandleDropdown"/>
  <system-out/>
</testsuite> <!-- controlExample.HandleDropdown -->
