<?xml version="1.0" encoding="UTF-8"?>
<!-- Generated by org.testng.reporters.JUnitReportReporter -->
<testsuite hostname="DESKTOP-H0PI4DT" failures="0" tests="1" name="nopCommLog4J.LoginTest" time="23.096" errors="0" timestamp="2022-12-05T12:00:29 IST" skipped="0">
  <testcase classname="nopCommLog4J.LoginTest" name="verifyLogin" time="23.096"/>
  <system-out/>
</testsuite> <!-- nopCommLog4J.LoginTest -->
