<?xml version="1.0" encoding="UTF-8"?>
<!-- Generated by org.testng.reporters.JUnitReportReporter -->
<testsuite hostname="DESKTOP-H0PI4DT" failures="0" tests="2" name="testNGExample.LoginTest" time="0.008" errors="0" timestamp="2022-12-01T11:25:00 IST" skipped="0">
  <testcase classname="testNGExample.LoginTest" name="verifyLogin" time="0.005"/>
  <system-out/>
  <testcase classname="testNGExample.LoginTest" name="verifyLogout" time="0.003"/>
  <system-out/>
</testsuite> <!-- testNGExample.LoginTest -->
