<?xml version="1.0" encoding="UTF-8"?>
<!-- Generated by org.testng.reporters.JUnitReportReporter -->
<testsuite hostname="DESKTOP-H0PI4DT" failures="0" tests="1" name="controlExample.HandleAlert2" time="6.275" errors="0" timestamp="2022-11-30T15:51:31 IST" skipped="0">
  <testcase classname="controlExample.HandleAlert2" name="verifyPromptAlert" time="6.275"/>
  <system-out/>
</testsuite> <!-- controlExample.HandleAlert2 -->
