<?xml version="1.0" encoding="UTF-8"?>
<!-- Generated by org.testng.reporters.JUnitReportReporter -->
<testsuite hostname="DESKTOP-H0PI4DT" failures="0" tests="1" name="actionExample.AmazonTest" time="2.210" errors="0" timestamp="2022-12-02T11:37:50 IST" skipped="0">
  <testcase classname="actionExample.AmazonTest" name="verifyWishList" time="2.210"/>
  <system-out/>
</testsuite> <!-- actionExample.AmazonTest -->
