<?xml version="1.0" encoding="UTF-8"?>
<!-- Generated by org.testng.reporters.JUnitReportReporter -->
<testsuite hostname="DESKTOP-H0PI4DT" failures="0" tests="1" name="exercise.GoogleTest" time="9.054" errors="0" timestamp="2022-12-01T12:46:02 IST" skipped="0">
  <testcase classname="exercise.GoogleTest" name="searchTest" time="9.054"/>
  <system-out/>
</testsuite> <!-- exercise.GoogleTest -->
