<?xml version="1.0" encoding="UTF-8"?>
<!-- Generated by org.testng.reporters.JUnitReportReporter -->
<testsuite skipped="0" hostname="IN002DCE" name="tests.LoginTest" tests="1" failures="0" timestamp="2022-12-13T12:35:34 IST" time="9.647" errors="0">
  <testcase name="verifyLogin" time="9.647" classname="tests.LoginTest"/>
  <system-out/>
</testsuite> <!-- tests.LoginTest -->
